2024-12-29 20:12:53,408 - my_app - DEBUG - Logger configured. Starting app...
2024-12-29 20:13:24,277 - my_app - DEBUG - Logger configured. Starting app...
2024-12-29 20:13:26,417 - my_app - DEBUG - Logger configured. Starting app...
2024-12-29 20:16:20,002 - my_app - DEBUG - Logger configured. Starting app...
2024-12-29 20:16:22,259 - my_app - DEBUG - Logger configured. Starting app...
2024-12-29 20:17:52,588 - my_app - DEBUG - Logger configured. Starting app...
2024-12-29 20:18:41,496 - my_app - DEBUG - Logger configured. Starting app...
2024-12-29 20:20:53,970 - my_app - DEBUG - Logger configured. Starting app...
2024-12-29 21:05:13,625 - my_app - DEBUG - Logger configured. Starting app...
2024-12-29 21:07:26,201 - my_app - DEBUG - Logger configured. Starting app...
2024-12-29 21:07:33,372 - my_app - DEBUG - Logger configured. Starting app...
2024-12-29 21:07:43,985 - my_app - DEBUG - generate_cases route entered
2024-12-29 21:07:43,985 - my_app - ERROR - An unexpected error occurred: name 'logging' is not defined
Traceback (most recent call last):
  File "C:\Users\HP\Desktop\stuff\CODING\MOCAPI\assignment\flask\app.py", line 74, in generate_cases
    case_data, conversation_history = gen_cases(language, sex, age, output_dir, subject, conversation_history=conversation_history + ([user_response] if user_response is not None else []))
                                      ^^^^^^^^^^^^^^^^^^^^^^^^^^^^^^^^^^^^^^^^^^^^^^^^^^^^^^^^^^^^^^^^^^^^^^^^^^^^^^^^^^^^^^^^^^^^^^^^^^^^^^^^^^^^^^^^^^^^^^^^^^^^^^^^^^^^^^^^^^^^^^^^^^^^^^
  File "C:\Users\HP\Desktop\stuff\CODING\MOCAPI\assignment\flask\utils.py", line 143, in gen_cases
    logger = logging.getLogger('my_app')
             ^^^^^^^
NameError: name 'logging' is not defined. Did you forget to import 'logging'
2024-12-29 21:08:07,180 - my_app - DEBUG - Logger configured. Starting app...
2024-12-29 21:08:18,590 - my_app - DEBUG - generate_cases route entered
2024-12-29 21:09:52,561 - my_app - DEBUG - Logger configured. Starting app...
2024-12-29 21:10:05,013 - my_app - DEBUG - generate_cases route entered
